#
# There is insufficient memory for the Java Runtime Environment to continue.
# Native memory allocation (malloc) failed to allocate 1048576 bytes. Error detail: AllocateHeap
# Possible reasons:
#   The system is out of physical RAM or swap space
#   This process is running with CompressedOops enabled, and the Java Heap may be blocking the growth of the native heap
# Possible solutions:
#   Reduce memory load on the system
#   Increase physical memory or swap space
#   Check if swap backing store is full
#   Decrease Java heap size (-Xmx/-Xms)
#   Decrease number of Java threads
#   Decrease Java thread stack sizes (-Xss)
#   Set larger code cache with -XX:ReservedCodeCacheSize=
#   JVM is running with Unscaled Compressed Oops mode in which the Java heap is
#     placed in the first 4GB address space. The Java Heap base address is the
#     maximum limit for the native heap growth. Please use -XX:HeapBaseMinAddress
#     to set the Java Heap base and to place the Java Heap above 4GB virtual address.
# This output file may be truncated or incomplete.
#
#  Out of Memory Error (allocation.cpp:44), pid=12768, tid=13672
#
# JRE version: OpenJDK Runtime Environment Temurin-21.0.10+7 (21.0.10+7) (build 21.0.10+7-LTS)
# Java VM: OpenJDK 64-Bit Server VM Temurin-21.0.10+7 (21.0.10+7-LTS, mixed mode, sharing, tiered, compressed oops, compressed class ptrs, parallel gc, windows-amd64)
# No core dump will be written. Minidumps are not enabled by default on client versions of Windows
#

---------------  S U M M A R Y ------------

Command Line: --add-modules=ALL-SYSTEM --add-opens=java.base/java.util=ALL-UNNAMED --add-opens=java.base/java.lang=ALL-UNNAMED --add-opens=java.base/sun.nio.fs=ALL-UNNAMED -Declipse.application=org.eclipse.jdt.ls.core.id1 -Dosgi.bundles.defaultStartLevel=4 -Declipse.product=org.eclipse.jdt.ls.core.product -Djava.import.generatesMetadataFilesAtProjectRoot=false -DDetectVMInstallationsJob.disabled=true -Dfile.encoding=utf8 -XX:+UseParallelGC -XX:GCTimeRatio=4 -XX:AdaptiveSizePolicyWeight=90 -Dsun.zip.disableMemoryMapping=true -Xmx2G -Xms100m -Xlog:disable -javaagent:c:\Users\Acer\.vscode\extensions\redhat.java-1.53.2026021110-win32-x64\lombok\lombok-1.18.39-4050.jar -XX:+HeapDumpOnOutOfMemoryError -XX:HeapDumpPath=c:\Users\Acer\AppData\Roaming\Code\User\workspaceStorage\0bf020eedcb41eda256bca17bd9ad735\redhat.java -Daether.dependencyCollector.impl=bf -XX:+UnlockDiagnosticVMOptions -XX:+AllowArchivingWithJavaAgent -XX:+AutoCreateSharedArchive -XX:SharedArchiveFile=c:\Users\Acer\AppData\Roaming\Code\User\globalStorage\redhat.java\1.53.2026021110\jdtls.jsa c:\Users\Acer\.vscode\extensions\redhat.java-1.53.2026021110-win32-x64\server\plugins\org.eclipse.equinox.launcher_1.7.100.v20251111-0406.jar -configuration c:\Users\Acer\AppData\Roaming\Code\User\globalStorage\redhat.java\1.53.2026021110\config_win -data c:\Users\Acer\AppData\Roaming\Code\User\workspaceStorage\0bf020eedcb41eda256bca17bd9ad735\redhat.java\jdt_ws --pipe=\\.\pipe\lsp-83d278f29a8821b3068a8fd7cf62b717-sock

Host: AMD Ryzen 5 3500U with Radeon Vega Mobile Gfx  , 8 cores, 5G,  Windows 11 , 64 bit Build 26100 (10.0.26100.7920)
Time: Mon Mar 16 00:11:03 2026 Paris, Madrid elapsed time: 1668.461153 seconds (0d 0h 27m 48s)

---------------  T H R E A D  ---------------

Current thread (0x0000028e96dfad90):  JavaThread "Attach Listener" daemon [_thread_in_vm, id=13672, stack(0x000000b113500000,0x000000b113600000) (1024K)]

Stack: [0x000000b113500000,0x000000b113600000]
Native frames: (J=compiled Java code, j=interpreted, Vv=VM code, C=native code)
V  [jvm.dll+0x6d7a39]
V  [jvm.dll+0x8b4b26]
V  [jvm.dll+0x8b70de]
V  [jvm.dll+0x8b77c3]
V  [jvm.dll+0x284346]
V  [jvm.dll+0xc1277]
V  [jvm.dll+0x6d82e9]
V  [jvm.dll+0x1334a6]
V  [jvm.dll+0x3f857e]
V  [jvm.dll+0x85f59d]
V  [jvm.dll+0x6d626d]
C  [ucrtbase.dll+0x37b0]
C  [KERNEL32.DLL+0x2e8d7]
C  [ntdll.dll+0x8c48c]


---------------  P R O C E S S  ---------------

Threads class SMR info:
_java_thread_list=0x0000028ee1652be0, length=35, elements={
0x0000028effbc0690, 0x0000028e96def6d0, 0x0000028e96df3ed0, 0x0000028e96df8de0,
0x0000028e96dfad90, 0x0000028e96dfcb60, 0x0000028e96dfd5c0, 0x0000028e96dfe400,
0x0000028ed98ef570, 0x0000028ed9a70df0, 0x0000028ed9b4f790, 0x0000028ede8c2a60,
0x0000028ede89a560, 0x0000028ede89c630, 0x0000028ede89ccc0, 0x0000028ede89b280,
0x0000028ede89abf0, 0x0000028ede899ed0, 0x0000028eded609b0, 0x0000028eded61040,
0x0000028eded623f0, 0x0000028eded63110, 0x0000028eded60320, 0x0000028eded64b50,
0x0000028eded65f00, 0x0000028eded66c20, 0x0000028eded63e30, 0x0000028eded66590,
0x0000028eded644c0, 0x0000028eded672b0, 0x0000028eded651e0, 0x0000028eded67940,
0x0000028eded65870, 0x0000028ee0718680, 0x0000028ee0719a30
}

Java Threads: ( => current thread )
  0x0000028effbc0690 JavaThread "main"                              [_thread_blocked, id=10460, stack(0x000000b112e00000,0x000000b112f00000) (1024K)]
  0x0000028e96def6d0 JavaThread "Reference Handler"          daemon [_thread_blocked, id=19020, stack(0x000000b113200000,0x000000b113300000) (1024K)]
  0x0000028e96df3ed0 JavaThread "Finalizer"                  daemon [_thread_blocked, id=23156, stack(0x000000b113300000,0x000000b113400000) (1024K)]
  0x0000028e96df8de0 JavaThread "Signal Dispatcher"          daemon [_thread_blocked, id=11220, stack(0x000000b113400000,0x000000b113500000) (1024K)]
=>0x0000028e96dfad90 JavaThread "Attach Listener"            daemon [_thread_in_vm, id=13672, stack(0x000000b113500000,0x000000b113600000) (1024K)]
  0x0000028e96dfcb60 JavaThread "Service Thread"             daemon [_thread_blocked, id=8540, stack(0x000000b113600000,0x000000b113700000) (1024K)]
  0x0000028e96dfd5c0 JavaThread "Monitor Deflation Thread"   daemon [_thread_blocked, id=15192, stack(0x000000b113700000,0x000000b113800000) (1024K)]
  0x0000028e96dfe400 JavaThread "C2 CompilerThread0"         daemon [_thread_blocked, id=23296, stack(0x000000b113800000,0x000000b113900000) (1024K)]
  0x0000028ed98ef570 JavaThread "C1 CompilerThread0"         daemon [_thread_blocked, id=3252, stack(0x000000b113900000,0x000000b113a00000) (1024K)]
  0x0000028ed9a70df0 JavaThread "Common-Cleaner"             daemon [_thread_blocked, id=2388, stack(0x000000b113a00000,0x000000b113b00000) (1024K)]
  0x0000028ed9b4f790 JavaThread "Notification Thread"        daemon [_thread_blocked, id=6816, stack(0x000000b113b00000,0x000000b113c00000) (1024K)]
  0x0000028ede8c2a60 JavaThread "Active Thread: Equinox Container: 4925be42-ad90-4bf5-844b-eda9cca10caa"        [_thread_blocked, id=22800, stack(0x000000b114800000,0x000000b114900000) (1024K)]
  0x0000028ede89a560 JavaThread "Framework Event Dispatcher: Equinox Container: 4925be42-ad90-4bf5-844b-eda9cca10caa" daemon [_thread_blocked, id=17972, stack(0x000000b114200000,0x000000b114300000) (1024K)]
  0x0000028ede89c630 JavaThread "Start Level: Equinox Container: 4925be42-ad90-4bf5-844b-eda9cca10caa" daemon [_thread_blocked, id=19420, stack(0x000000b114300000,0x000000b114400000) (1024K)]
  0x0000028ede89ccc0 JavaThread "Bundle File Closer"         daemon [_thread_blocked, id=15496, stack(0x000000b114500000,0x000000b114600000) (1024K)]
  0x0000028ede89b280 JavaThread "Refresh Thread: Equinox Container: 4925be42-ad90-4bf5-844b-eda9cca10caa" daemon [_thread_blocked, id=8076, stack(0x000000b114600000,0x000000b114700000) (1024K)]
  0x0000028ede89abf0 JavaThread "SCR Component Actor"        daemon [_thread_blocked, id=22840, stack(0x000000b114700000,0x000000b114800000) (1024K)]
  0x0000028ede899ed0 JavaThread "Worker-JM"                         [_thread_blocked, id=21480, stack(0x000000b114900000,0x000000b114a00000) (1024K)]
  0x0000028eded609b0 JavaThread "Worker-3"                          [_thread_blocked, id=604, stack(0x000000b114c00000,0x000000b114d00000) (1024K)]
  0x0000028eded61040 JavaThread "Java indexing"              daemon [_thread_blocked, id=15648, stack(0x000000b114e00000,0x000000b114f00000) (1024K)]
  0x0000028eded623f0 JavaThread "JNA Cleaner"                daemon [_thread_blocked, id=5220, stack(0x000000b114f00000,0x000000b115000000) (1024K)]
  0x0000028eded63110 JavaThread "Worker-4"                          [_thread_blocked, id=8072, stack(0x000000b115200000,0x000000b115300000) (1024K)]
  0x0000028eded60320 JavaThread "Thread-1"                   daemon [_thread_in_native, id=6612, stack(0x000000b115400000,0x000000b115500000) (1024K)]
  0x0000028eded64b50 JavaThread "Thread-2"                   daemon [_thread_in_native, id=8048, stack(0x000000b115500000,0x000000b115600000) (1024K)]
  0x0000028eded65f00 JavaThread "Thread-3"                   daemon [_thread_in_native, id=22192, stack(0x000000b115600000,0x000000b115700000) (1024K)]
  0x0000028eded66c20 JavaThread "Thread-4"                   daemon [_thread_in_native, id=21784, stack(0x000000b115700000,0x000000b115800000) (1024K)]
  0x0000028eded63e30 JavaThread "Thread-5"                   daemon [_thread_in_native, id=15096, stack(0x000000b115800000,0x000000b115900000) (1024K)]
  0x0000028eded66590 JavaThread "Thread-6"                   daemon [_thread_in_native, id=1076, stack(0x000000b115900000,0x000000b115a00000) (1024K)]
  0x0000028eded644c0 JavaThread "Thread-7"                   daemon [_thread_in_native, id=12340, stack(0x000000b115a00000,0x000000b115b00000) (1024K)]
  0x0000028eded672b0 JavaThread "Thread-8"                   daemon [_thread_in_native, id=6264, stack(0x000000b115b00000,0x000000b115c00000) (1024K)]
  0x0000028eded651e0 JavaThread "Thread-9"                   daemon [_thread_in_native, id=20880, stack(0x000000b115c00000,0x000000b115d00000) (1024K)]
  0x0000028eded67940 JavaThread "pool-2-thread-1"                   [_thread_blocked, id=22232, stack(0x000000b115d00000,0x000000b115e00000) (1024K)]
  0x0000028eded65870 JavaThread "WorkspaceEventsHandler"            [_thread_blocked, id=19504, stack(0x000000b115e00000,0x000000b115f00000) (1024K)]
  0x0000028ee0718680 JavaThread "pool-1-thread-1"                   [_thread_blocked, id=23016, stack(0x000000b115f00000,0x000000b116000000) (1024K)]
  0x0000028ee0719a30 JavaThread "pool-3-thread-1"                   [_thread_blocked, id=16412, stack(0x000000b116200000,0x000000b116300000) (1024K)]
Total: 35

Other Threads:
  0x0000028effc5ab70 VMThread "VM Thread"                           [id=11040, stack(0x000000b113100000,0x000000b113200000) (1024K)]
  0x0000028e96cdca00 WatcherThread "VM Periodic Task Thread"        [id=17112, stack(0x000000b113000000,0x000000b113100000) (1024K)]
  0x0000028effbd1610 WorkerThread "GC Thread#0"                     [id=8296, stack(0x000000b112f00000,0x000000b113000000) (1024K)]
  0x0000028ede3862a0 WorkerThread "GC Thread#1"                     [id=3804, stack(0x000000b113c00000,0x000000b113d00000) (1024K)]
  0x0000028ede4bf390 WorkerThread "GC Thread#2"                     [id=9116, stack(0x000000b113d00000,0x000000b113e00000) (1024K)]
  0x0000028ede4bf740 WorkerThread "GC Thread#3"                     [id=19712, stack(0x000000b113e00000,0x000000b113f00000) (1024K)]
  0x0000028ede4bfaf0 WorkerThread "GC Thread#4"                     [id=20816, stack(0x000000b113f00000,0x000000b114000000) (1024K)]
  0x0000028ede4bfea0 WorkerThread "GC Thread#5"                     [id=4180, stack(0x000000b114000000,0x000000b114100000) (1024K)]
  0x0000028ede706740 WorkerThread "GC Thread#6"                     [id=22336, stack(0x000000b114100000,0x000000b114200000) (1024K)]
  0x0000028ed98ba970 WorkerThread "GC Thread#7"                     [id=11864, stack(0x000000b114400000,0x000000b114500000) (1024K)]
Total: 10

Threads with active compile tasks:
Total: 0

VM state: not at safepoint (normal execution)

VM Mutex/Monitor currently owned by a thread: None

Heap address: 0x0000000080000000, size: 2048 MB, Compressed Oops mode: 32-bit

CDS archive(s) mapped at: [0x0000028e97000000-0x0000028e97ba0000-0x0000028e97ba0000), size 12189696, SharedBaseAddress: 0x0000028e97000000, ArchiveRelocationMode: 1.
Compressed class space mapped at: 0x0000028e98000000-0x0000028ed8000000, reserved size: 1073741824
Narrow klass base: 0x0000028e97000000, Narrow klass shift: 0, Narrow klass range: 0x100000000

GC Precious Log:
 CardTable entry size: 512
 CPUs: 8 total, 8 available
 Memory: 6081M
 Large Page Support: Disabled
 NUMA Support: Disabled
 Compressed Oops: Enabled (32-bit)
 Alignments: Space 512K, Generation 512K, Heap 2M
 Heap Min Capacity: 100M
 Heap Initial Capacity: 100M
 Heap Max Capacity: 2G
 Pre-touch: Disabled
 Parallel Workers: 8

Heap:
 PSYoungGen      total 3584K, used 2934K [0x00000000d5580000, 0x00000000d5a80000, 0x0000000100000000)
  eden space 2048K, 90% used [0x00000000d5580000,0x00000000d574db58,0x00000000d5780000)
  from space 1536K, 70% used [0x00000000d5800000,0x00000000d5910040,0x00000000d5980000)
  to   space 1024K, 0% used [0x00000000d5980000,0x00000000d5980000,0x00000000d5a80000)
 ParOldGen       total 848384K, used 847910K [0x0000000080000000, 0x00000000b3c80000, 0x00000000d5580000)
  object space 848384K, 99% used [0x0000000080000000,0x00000000b3c09a10,0x00000000b3c80000)
 Metaspace       used 76365K, committed 77696K, reserved 1179648K
  class space    used 7260K, committed 7808K, reserved 1048576K

Card table byte_map: [0x0000028e92140000,0x0000028e92550000] _byte_map_base: 0x0000028e91d40000

Marking Bits: (ParMarkBitMap*) 0x00007ffa55d13450
 Begin Bits: [0x0000028e92800000, 0x0000028e94800000)
 End Bits:   [0x0000028e94800000, 0x0000028e96800000)

Polling page: 0x0000028efe430000

Metaspace:

Usage:
  Non-class:     67.49 MB used.
      Class:      7.09 MB used.
       Both:     74.58 MB used.

Virtual space:
  Non-class space:      128.00 MB reserved,      68.25 MB ( 53%) committed,  2 nodes.
      Class space:        1.00 GB reserved,       7.62 MB ( <1%) committed,  1 nodes.
             Both:        1.12 GB reserved,      75.88 MB (  7%) committed. 

Chunk freelists:
   Non-Class:  11.78 MB
       Class:  8.19 MB
        Both:  19.97 MB

MaxMetaspaceSize: unlimited
CompressedClassSpaceSize: 1.00 GB
Initial GC threshold: 21.00 MB
Current GC threshold: 97.31 MB
CDS: on
 - commit_granule_bytes: 65536.
 - commit_granule_words: 8192.
 - virtual_space_node_default_size: 8388608.
 - enlarge_chunks_in_place: 1.
 - use_allocation_guard: 0.


Internal statistics:

num_allocs_failed_limit: 11.
num_arena_births: 1132.
num_arena_deaths: 40.
num_vsnodes_births: 3.
num_vsnodes_deaths: 0.
num_space_committed: 1214.
num_space_uncommitted: 0.
num_chunks_returned_to_freelist: 56.
num_chunks_taken_from_freelist: 4420.
num_chunk_merges: 18.
num_chunk_splits: 2735.
num_chunks_enlarged: 1582.
num_inconsistent_stats: 0.

CodeHeap 'non-profiled nmethods': size=120000Kb used=11737Kb max_used=11737Kb free=108262Kb
 bounds [0x0000028e8ac10000, 0x0000028e8b790000, 0x0000028e92140000]
CodeHeap 'profiled nmethods': size=120000Kb used=29925Kb max_used=29925Kb free=90074Kb
 bounds [0x0000028e83140000, 0x0000028e84e80000, 0x0000028e8a670000]
CodeHeap 'non-nmethods': size=5760Kb used=1465Kb max_used=1534Kb free=4294Kb
 bounds [0x0000028e8a670000, 0x0000028e8a8e0000, 0x0000028e8ac10000]
CodeCache: size=245760Kb, used=43127Kb, max_used=43196Kb, free=202630Kb
 total_blobs=13391, nmethods=12613, adapters=683, full_count=0
Compilation: enabled, stopped_count=0, restarted_count=0

Compilation events (20 events):
Event: 1101.416 Thread 0x0000028ed98ef570 13548       3       org.eclipse.core.internal.dtree.DeltaDataTree::hasAncestor (23 bytes)
Event: 1101.425 Thread 0x0000028ed98ef570 nmethod 13548 0x0000028e84e75b10 code [0x0000028e84e75cc0, 0x0000028e84e75f18]
Event: 1136.335 Thread 0x0000028e96dfe400 13549       4       java.util.concurrent.ThreadPoolExecutor$Worker::lock (6 bytes)
Event: 1136.340 Thread 0x0000028e96dfe400 nmethod 13549 0x0000028e8b783090 code [0x0000028e8b783220, 0x0000028e8b783300]
Event: 1146.349 Thread 0x0000028e96dfe400 13550   !   4       java.util.concurrent.ThreadPoolExecutor::getTask (177 bytes)
Event: 1146.687 Thread 0x0000028e96dfe400 nmethod 13550 0x0000028e8b783410 code [0x0000028e8b783780, 0x0000028e8b784958]
Event: 1186.384 Thread 0x0000028ed98ef570 13551       3       java.util.concurrent.locks.AbstractQueuedSynchronizer$ConditionObject::unlinkCancelledWaiters (91 bytes)
Event: 1186.390 Thread 0x0000028ed98ef570 nmethod 13551 0x0000028e84e76010 code [0x0000028e84e761c0, 0x0000028e84e76550]
Event: 1273.328 Thread 0x0000028ed98ef570 13553       3       org.eclipse.core.runtime.jobs.Job::setSystem (6 bytes)
Event: 1273.332 Thread 0x0000028ed98ef570 nmethod 13553 0x0000028e84e76690 code [0x0000028e84e76840, 0x0000028e84e76980]
Event: 1273.332 Thread 0x0000028ed98ef570 13554   !   3       org.eclipse.core.internal.jobs.InternalJob::setSystem (58 bytes)
Event: 1273.337 Thread 0x0000028ed98ef570 nmethod 13554 0x0000028e84e76a10 code [0x0000028e84e76be0, 0x0000028e84e77038]
Event: 1273.371 Thread 0x0000028ed98ef570 13555       3       org.eclipse.core.internal.resources.ResourceInfo::shareStrings (43 bytes)
Event: 1273.380 Thread 0x0000028ed98ef570 nmethod 13555 0x0000028e84e77290 code [0x0000028e84e77460, 0x0000028e84e776e0]
Event: 1326.473 Thread 0x0000028ed98ef570 13557       3       java.util.concurrent.locks.AbstractQueuedSynchronizer$Node::setStatusRelaxed (12 bytes)
Event: 1326.478 Thread 0x0000028ed98ef570 nmethod 13557 0x0000028e84e77810 code [0x0000028e84e779a0, 0x0000028e84e77ab8]
Event: 1356.507 Thread 0x0000028ed98ef570 13558       1       org.eclipse.jdt.ls.core.internal.LanguageServerApplication::getParentProcessId (5 bytes)
Event: 1356.508 Thread 0x0000028ed98ef570 nmethod 13558 0x0000028e8b786210 code [0x0000028e8b7863a0, 0x0000028e8b786468]
Event: 1506.732 Thread 0x0000028ed98ef570 13559   !   3       java.util.logging.LogManager::ensureLogManagerInitialized (144 bytes)
Event: 1506.870 Thread 0x0000028ed98ef570 nmethod 13559 0x0000028e84e77b90 code [0x0000028e84e77ea0, 0x0000028e84e78fc0]

GC Heap History (20 events):
Event: 878.556 GC heap before
{Heap before GC invocations=1831 (full 3):
 PSYoungGen      total 2560K, used 2272K [0x00000000d5580000, 0x00000000d5a00000, 0x0000000100000000)
  eden space 2048K, 100% used [0x00000000d5580000,0x00000000d5780000,0x00000000d5780000)
  from space 512K, 43% used [0x00000000d5780000,0x00000000d57b8000,0x00000000d5800000)
  to   space 512K, 0% used [0x00000000d5980000,0x00000000d5980000,0x00000000d5a00000)
 ParOldGen       total 840704K, used 839855K [0x0000000080000000, 0x00000000b3500000, 0x00000000d5580000)
  object space 840704K, 99% used [0x0000000080000000,0x00000000b342bf00,0x00000000b3500000)
 Metaspace       used 76022K, committed 77376K, reserved 1179648K
  class space    used 7227K, committed 7808K, reserved 1048576K
}
Event: 878.571 GC heap after
{Heap after GC invocations=1831 (full 3):
 PSYoungGen      total 2560K, used 128K [0x00000000d5580000, 0x00000000d5a00000, 0x0000000100000000)
  eden space 2048K, 0% used [0x00000000d5580000,0x00000000d5580000,0x00000000d5780000)
  from space 512K, 25% used [0x00000000d5980000,0x00000000d59a0000,0x00000000d5a00000)
  to   space 512K, 0% used [0x00000000d5780000,0x00000000d5780000,0x00000000d5800000)
 ParOldGen       total 840704K, used 839919K [0x0000000080000000, 0x00000000b3500000, 0x00000000d5580000)
  object space 840704K, 99% used [0x0000000080000000,0x00000000b343bf00,0x00000000b3500000)
 Metaspace       used 76022K, committed 77376K, reserved 1179648K
  class space    used 7227K, committed 7808K, reserved 1048576K
}
Event: 879.195 GC heap before
{Heap before GC invocations=1832 (full 3):
 PSYoungGen      total 2560K, used 2176K [0x00000000d5580000, 0x00000000d5a00000, 0x0000000100000000)
  eden space 2048K, 100% used [0x00000000d5580000,0x00000000d5780000,0x00000000d5780000)
  from space 512K, 25% used [0x00000000d5980000,0x00000000d59a0000,0x00000000d5a00000)
  to   space 512K, 0% used [0x00000000d5780000,0x00000000d5780000,0x00000000d5800000)
 ParOldGen       total 840704K, used 839919K [0x0000000080000000, 0x00000000b3500000, 0x00000000d5580000)
  object space 840704K, 99% used [0x0000000080000000,0x00000000b343bf00,0x00000000b3500000)
 Metaspace       used 76046K, committed 77376K, reserved 1179648K
  class space    used 7227K, committed 7808K, reserved 1048576K
}
Event: 879.218 GC heap after
{Heap after GC invocations=1832 (full 3):
 PSYoungGen      total 2560K, used 390K [0x00000000d5580000, 0x00000000d5a00000, 0x0000000100000000)
  eden space 2048K, 0% used [0x00000000d5580000,0x00000000d5580000,0x00000000d5780000)
  from space 512K, 76% used [0x00000000d5780000,0x00000000d57e1800,0x00000000d5800000)
  to   space 512K, 0% used [0x00000000d5980000,0x00000000d5980000,0x00000000d5a00000)
 ParOldGen       total 840704K, used 840098K [0x0000000080000000, 0x00000000b3500000, 0x00000000d5580000)
  object space 840704K, 99% used [0x0000000080000000,0x00000000b3468b00,0x00000000b3500000)
 Metaspace       used 76046K, committed 77376K, reserved 1179648K
  class space    used 7227K, committed 7808K, reserved 1048576K
}
Event: 879.473 GC heap before
{Heap before GC invocations=1833 (full 3):
 PSYoungGen      total 2560K, used 2438K [0x00000000d5580000, 0x00000000d5a00000, 0x0000000100000000)
  eden space 2048K, 100% used [0x00000000d5580000,0x00000000d5780000,0x00000000d5780000)
  from space 512K, 76% used [0x00000000d5780000,0x00000000d57e1800,0x00000000d5800000)
  to   space 512K, 0% used [0x00000000d5980000,0x00000000d5980000,0x00000000d5a00000)
 ParOldGen       total 840704K, used 840098K [0x0000000080000000, 0x00000000b3500000, 0x00000000d5580000)
  object space 840704K, 99% used [0x0000000080000000,0x00000000b3468b00,0x00000000b3500000)
 Metaspace       used 76057K, committed 77376K, reserved 1179648K
  class space    used 7227K, committed 7808K, reserved 1048576K
}
Event: 879.484 GC heap after
{Heap after GC invocations=1833 (full 3):
 PSYoungGen      total 2560K, used 256K [0x00000000d5580000, 0x00000000d5a00000, 0x0000000100000000)
  eden space 2048K, 0% used [0x00000000d5580000,0x00000000d5580000,0x00000000d5780000)
  from space 512K, 50% used [0x00000000d5980000,0x00000000d59c0000,0x00000000d5a00000)
  to   space 512K, 0% used [0x00000000d5780000,0x00000000d5780000,0x00000000d5800000)
 ParOldGen       total 841728K, used 841230K [0x0000000080000000, 0x00000000b3600000, 0x00000000d5580000)
  object space 841728K, 99% used [0x0000000080000000,0x00000000b3583810,0x00000000b3600000)
 Metaspace       used 76057K, committed 77376K, reserved 1179648K
  class space    used 7227K, committed 7808K, reserved 1048576K
}
Event: 879.940 GC heap before
{Heap before GC invocations=1834 (full 3):
 PSYoungGen      total 2560K, used 2304K [0x00000000d5580000, 0x00000000d5a00000, 0x0000000100000000)
  eden space 2048K, 100% used [0x00000000d5580000,0x00000000d5780000,0x00000000d5780000)
  from space 512K, 50% used [0x00000000d5980000,0x00000000d59c0000,0x00000000d5a00000)
  to   space 512K, 0% used [0x00000000d5780000,0x00000000d5780000,0x00000000d5800000)
 ParOldGen       total 841728K, used 841230K [0x0000000080000000, 0x00000000b3600000, 0x00000000d5580000)
  object space 841728K, 99% used [0x0000000080000000,0x00000000b3583810,0x00000000b3600000)
 Metaspace       used 76060K, committed 77376K, reserved 1179648K
  class space    used 7227K, committed 7808K, reserved 1048576K
}
Event: 879.948 GC heap after
{Heap after GC invocations=1834 (full 3):
 PSYoungGen      total 2560K, used 192K [0x00000000d5580000, 0x00000000d5a00000, 0x0000000100000000)
  eden space 2048K, 0% used [0x00000000d5580000,0x00000000d5580000,0x00000000d5780000)
  from space 512K, 37% used [0x00000000d5780000,0x00000000d57b0000,0x00000000d5800000)
  to   space 512K, 0% used [0x00000000d5980000,0x00000000d5980000,0x00000000d5a00000)
 ParOldGen       total 841728K, used 841294K [0x0000000080000000, 0x00000000b3600000, 0x00000000d5580000)
  object space 841728K, 99% used [0x0000000080000000,0x00000000b3593810,0x00000000b3600000)
 Metaspace       used 76060K, committed 77376K, reserved 1179648K
  class space    used 7227K, committed 7808K, reserved 1048576K
}
Event: 880.377 GC heap before
{Heap before GC invocations=1835 (full 3):
 PSYoungGen      total 2560K, used 2239K [0x00000000d5580000, 0x00000000d5a00000, 0x0000000100000000)
  eden space 2048K, 99% used [0x00000000d5580000,0x00000000d577fff8,0x00000000d5780000)
  from space 512K, 37% used [0x00000000d5780000,0x00000000d57b0000,0x00000000d5800000)
  to   space 512K, 0% used [0x00000000d5980000,0x00000000d5980000,0x00000000d5a00000)
 ParOldGen       total 841728K, used 841294K [0x0000000080000000, 0x00000000b3600000, 0x00000000d5580000)
  object space 841728K, 99% used [0x0000000080000000,0x00000000b3593810,0x00000000b3600000)
 Metaspace       used 76063K, committed 77376K, reserved 1179648K
  class space    used 7227K, committed 7808K, reserved 1048576K
}
Event: 880.391 GC heap after
{Heap after GC invocations=1835 (full 3):
 PSYoungGen      total 2560K, used 474K [0x00000000d5580000, 0x00000000d5a00000, 0x0000000100000000)
  eden space 2048K, 0% used [0x00000000d5580000,0x00000000d5580000,0x00000000d5780000)
  from space 512K, 92% used [0x00000000d5980000,0x00000000d59f6900,0x00000000d5a00000)
  to   space 1024K, 0% used [0x00000000d5800000,0x00000000d5800000,0x00000000d5900000)
 ParOldGen       total 841728K, used 841382K [0x0000000080000000, 0x00000000b3600000, 0x00000000d5580000)
  object space 841728K, 99% used [0x0000000080000000,0x00000000b35a9810,0x00000000b3600000)
 Metaspace       used 76063K, committed 77376K, reserved 1179648K
  class space    used 7227K, committed 7808K, reserved 1048576K
}
Event: 880.454 GC heap before
{Heap before GC invocations=1836 (full 3):
 PSYoungGen      total 2560K, used 2522K [0x00000000d5580000, 0x00000000d5a00000, 0x0000000100000000)
  eden space 2048K, 100% used [0x00000000d5580000,0x00000000d5780000,0x00000000d5780000)
  from space 512K, 92% used [0x00000000d5980000,0x00000000d59f6900,0x00000000d5a00000)
  to   space 1024K, 0% used [0x00000000d5800000,0x00000000d5800000,0x00000000d5900000)
 ParOldGen       total 841728K, used 841382K [0x0000000080000000, 0x00000000b3600000, 0x00000000d5580000)
  object space 841728K, 99% used [0x0000000080000000,0x00000000b35a9810,0x00000000b3600000)
 Metaspace       used 76063K, committed 77376K, reserved 1179648K
  class space    used 7227K, committed 7808K, reserved 1048576K
}
Event: 880.463 GC heap after
{Heap after GC invocations=1836 (full 3):
 PSYoungGen      total 3072K, used 244K [0x00000000d5580000, 0x00000000d5a00000, 0x0000000100000000)
  eden space 2048K, 0% used [0x00000000d5580000,0x00000000d5580000,0x00000000d5780000)
  from space 1024K, 23% used [0x00000000d5800000,0x00000000d583d200,0x00000000d5900000)
  to   space 512K, 0% used [0x00000000d5980000,0x00000000d5980000,0x00000000d5a00000)
 ParOldGen       total 841728K, used 841642K [0x0000000080000000, 0x00000000b3600000, 0x00000000d5580000)
  object space 841728K, 99% used [0x0000000080000000,0x00000000b35eaa10,0x00000000b3600000)
 Metaspace       used 76063K, committed 77376K, reserved 1179648K
  class space    used 7227K, committed 7808K, reserved 1048576K
}
Event: 884.029 GC heap before
{Heap before GC invocations=1837 (full 3):
 PSYoungGen      total 3072K, used 2292K [0x00000000d5580000, 0x00000000d5a00000, 0x0000000100000000)
  eden space 2048K, 99% used [0x00000000d5580000,0x00000000d577ffe8,0x00000000d5780000)
  from space 1024K, 23% used [0x00000000d5800000,0x00000000d583d200,0x00000000d5900000)
  to   space 512K, 0% used [0x00000000d5980000,0x00000000d5980000,0x00000000d5a00000)
 ParOldGen       total 841728K, used 841642K [0x0000000080000000, 0x00000000b3600000, 0x00000000d5580000)
  object space 841728K, 99% used [0x0000000080000000,0x00000000b35eaa10,0x00000000b3600000)
 Metaspace       used 76063K, committed 77376K, reserved 1179648K
  class space    used 7227K, committed 7808K, reserved 1048576K
}
Event: 884.036 GC heap after
{Heap after GC invocations=1837 (full 3):
 PSYoungGen      total 2560K, used 512K [0x00000000d5580000, 0x00000000d5b80000, 0x0000000100000000)
  eden space 2048K, 0% used [0x00000000d5580000,0x00000000d5580000,0x00000000d5780000)
  from space 512K, 100% used [0x00000000d5980000,0x00000000d5a00000,0x00000000d5a00000)
  to   space 2048K, 0% used [0x00000000d5780000,0x00000000d5780000,0x00000000d5980000)
 ParOldGen       total 842752K, used 842675K [0x0000000080000000, 0x00000000b3700000, 0x00000000d5580000)
  object space 842752K, 99% used [0x0000000080000000,0x00000000b36ecc10,0x00000000b3700000)
 Metaspace       used 76063K, committed 77376K, reserved 1179648K
  class space    used 7227K, committed 7808K, reserved 1048576K
}
Event: 886.166 GC heap before
{Heap before GC invocations=1838 (full 3):
 PSYoungGen      total 2560K, used 2219K [0x00000000d5580000, 0x00000000d5b80000, 0x0000000100000000)
  eden space 2048K, 83% used [0x00000000d5580000,0x00000000d572aef8,0x00000000d5780000)
  from space 512K, 100% used [0x00000000d5980000,0x00000000d5a00000,0x00000000d5a00000)
  to   space 2048K, 0% used [0x00000000d5780000,0x00000000d5780000,0x00000000d5980000)
 ParOldGen       total 842752K, used 842675K [0x0000000080000000, 0x00000000b3700000, 0x00000000d5580000)
  object space 842752K, 99% used [0x0000000080000000,0x00000000b36ecc10,0x00000000b3700000)
 Metaspace       used 76063K, committed 77376K, reserved 1179648K
  class space    used 7227K, committed 7808K, reserved 1048576K
}
Event: 886.181 GC heap after
{Heap after GC invocations=1838 (full 3):
 PSYoungGen      total 4096K, used 1740K [0x00000000d5580000, 0x00000000d5b80000, 0x0000000100000000)
  eden space 2048K, 0% used [0x00000000d5580000,0x00000000d5580000,0x00000000d5780000)
  from space 2048K, 84% used [0x00000000d5780000,0x00000000d5933000,0x00000000d5980000)
  to   space 2048K, 0% used [0x00000000d5980000,0x00000000d5980000,0x00000000d5b80000)
 ParOldGen       total 843264K, used 843203K [0x0000000080000000, 0x00000000b3780000, 0x00000000d5580000)
  object space 843264K, 99% used [0x0000000080000000,0x00000000b3770c10,0x00000000b3780000)
 Metaspace       used 76063K, committed 77376K, reserved 1179648K
  class space    used 7227K, committed 7808K, reserved 1048576K
}
Event: 886.684 GC heap before
{Heap before GC invocations=1839 (full 3):
 PSYoungGen      total 4096K, used 3788K [0x00000000d5580000, 0x00000000d5b80000, 0x0000000100000000)
  eden space 2048K, 100% used [0x00000000d5580000,0x00000000d5780000,0x00000000d5780000)
  from space 2048K, 84% used [0x00000000d5780000,0x00000000d5933000,0x00000000d5980000)
  to   space 2048K, 0% used [0x00000000d5980000,0x00000000d5980000,0x00000000d5b80000)
 ParOldGen       total 844800K, used 844268K [0x0000000080000000, 0x00000000b3900000, 0x00000000d5580000)
  object space 844800K, 99% used [0x0000000080000000,0x00000000b387b310,0x00000000b3900000)
 Metaspace       used 76063K, committed 77376K, reserved 1179648K
  class space    used 7227K, committed 7808K, reserved 1048576K
}
Event: 886.703 GC heap after
{Heap after GC invocations=1839 (full 3):
 PSYoungGen      total 3584K, used 1068K [0x00000000d5580000, 0x00000000d5b00000, 0x0000000100000000)
  eden space 2048K, 0% used [0x00000000d5580000,0x00000000d5580000,0x00000000d5780000)
  from space 1536K, 69% used [0x00000000d5980000,0x00000000d5a8b000,0x00000000d5b00000)
  to   space 1536K, 0% used [0x00000000d5800000,0x00000000d5800000,0x00000000d5980000)
 ParOldGen       total 847872K, used 846986K [0x0000000080000000, 0x00000000b3c00000, 0x00000000d5580000)
  object space 847872K, 99% used [0x0000000080000000,0x00000000b3b22a10,0x00000000b3c00000)
 Metaspace       used 76063K, committed 77376K, reserved 1179648K
  class space    used 7227K, committed 7808K, reserved 1048576K
}
Event: 929.756 GC heap before
{Heap before GC invocations=1840 (full 3):
 PSYoungGen      total 3584K, used 3104K [0x00000000d5580000, 0x00000000d5b00000, 0x0000000100000000)
  eden space 2048K, 99% used [0x00000000d5580000,0x00000000d577d3b0,0x00000000d5780000)
  from space 1536K, 69% used [0x00000000d5980000,0x00000000d5a8b000,0x00000000d5b00000)
  to   space 1536K, 0% used [0x00000000d5800000,0x00000000d5800000,0x00000000d5980000)
 ParOldGen       total 847872K, used 846986K [0x0000000080000000, 0x00000000b3c00000, 0x00000000d5580000)
  object space 847872K, 99% used [0x0000000080000000,0x00000000b3b22a10,0x00000000b3c00000)
 Metaspace       used 76118K, committed 77440K, reserved 1179648K
  class space    used 7239K, committed 7808K, reserved 1048576K
}
Event: 929.937 GC heap after
{Heap after GC invocations=1840 (full 3):
 PSYoungGen      total 3584K, used 1088K [0x00000000d5580000, 0x00000000d5a80000, 0x0000000100000000)
  eden space 2048K, 0% used [0x00000000d5580000,0x00000000d5580000,0x00000000d5780000)
  from space 1536K, 70% used [0x00000000d5800000,0x00000000d5910040,0x00000000d5980000)
  to   space 1024K, 0% used [0x00000000d5980000,0x00000000d5980000,0x00000000d5a80000)
 ParOldGen       total 848384K, used 847910K [0x0000000080000000, 0x00000000b3c80000, 0x00000000d5580000)
  object space 848384K, 99% used [0x0000000080000000,0x00000000b3c09a10,0x00000000b3c80000)
 Metaspace       used 76118K, committed 77440K, reserved 1179648K
  class space    used 7239K, committed 7808K, reserved 1048576K
}

Dll operation events (14 events):
Event: 0.035 Loaded shared library c:\Users\Acer\.vscode\extensions\redhat.java-1.53.2026021110-win32-x64\jre\21.0.10-win32-x86_64\bin\java.dll
Event: 0.181 Loaded shared library c:\Users\Acer\.vscode\extensions\redhat.java-1.53.2026021110-win32-x64\jre\21.0.10-win32-x86_64\bin\zip.dll
Event: 0.744 Loaded shared library C:\Users\Acer\.vscode\extensions\redhat.java-1.53.2026021110-win32-x64\jre\21.0.10-win32-x86_64\bin\instrument.dll
Event: 0.754 Loaded shared library C:\Users\Acer\.vscode\extensions\redhat.java-1.53.2026021110-win32-x64\jre\21.0.10-win32-x86_64\bin\net.dll
Event: 0.768 Loaded shared library C:\Users\Acer\.vscode\extensions\redhat.java-1.53.2026021110-win32-x64\jre\21.0.10-win32-x86_64\bin\nio.dll
Event: 0.776 Loaded shared library C:\Users\Acer\.vscode\extensions\redhat.java-1.53.2026021110-win32-x64\jre\21.0.10-win32-x86_64\bin\zip.dll
Event: 0.881 Loaded shared library C:\Users\Acer\.vscode\extensions\redhat.java-1.53.2026021110-win32-x64\jre\21.0.10-win32-x86_64\bin\jimage.dll
Event: 1.404 Loaded shared library c:\Users\Acer\.vscode\extensions\redhat.java-1.53.2026021110-win32-x64\jre\21.0.10-win32-x86_64\bin\verify.dll
Event: 29.913 Loaded shared library C:\Users\Acer\AppData\Roaming\Code\User\globalStorage\redhat.java\1.53.2026021110\config_win\org.eclipse.equinox.launcher\org.eclipse.equinox.launcher.win32.win32.x86_64_1.3.0.v20260203-2149\eclipse_11919.dll
Event: 56.013 Loaded shared library C:\Users\Acer\.vscode\extensions\redhat.java-1.53.2026021110-win32-x64\jre\21.0.10-win32-x86_64\bin\management.dll
Event: 56.021 Loaded shared library C:\Users\Acer\.vscode\extensions\redhat.java-1.53.2026021110-win32-x64\jre\21.0.10-win32-x86_64\bin\management_ext.dll
Event: 73.798 Loaded shared library C:\Users\Acer\AppData\Local\Temp\jna-2034799\jna10933756516531648981.dll
Event: 74.351 Loaded shared library C:\Users\Acer\.vscode\extensions\redhat.java-1.53.2026021110-win32-x64\jre\21.0.10-win32-x86_64\bin\sunmscapi.dll
Event: 76.294 Loaded shared library C:\Users\Acer\.vscode\extensions\redhat.java-1.53.2026021110-win32-x64\jre\21.0.10-win32-x86_64\bin\extnet.dll

Deoptimization events (20 events):
Event: 929.129 Thread 0x0000028ee0fbf930 Uncommon trap: trap_request=0xffffff45 fr.pc=0x0000028e8b694ca0 relative=0x00000000000003c0
Event: 929.129 Thread 0x0000028ee0fbcb40 Uncommon trap: trap_request=0xffffff45 fr.pc=0x0000028e8b694ca0 relative=0x00000000000003c0
Event: 929.129 Thread 0x0000028ee0fbf930 Uncommon trap: reason=unstable_if action=reinterpret pc=0x0000028e8b694ca0 method=org.eclipse.jdt.internal.core.index.Index.query([[C[CI)[Lorg/eclipse/jdt/internal/core/index/EntryResult; @ 68 c2
Event: 929.129 Thread 0x0000028ee0fbcb40 Uncommon trap: reason=unstable_if action=reinterpret pc=0x0000028e8b694ca0 method=org.eclipse.jdt.internal.core.index.Index.query([[C[CI)[Lorg/eclipse/jdt/internal/core/index/EntryResult; @ 68 c2
Event: 929.130 Thread 0x0000028ee0fbf930 DEOPT PACKING pc=0x0000028e8b694ca0 sp=0x000000b1164fdb70
Event: 929.130 Thread 0x0000028ee0fbcb40 DEOPT PACKING pc=0x0000028e8b694ca0 sp=0x000000b112dfdc60
Event: 929.130 Thread 0x0000028ee0fbf930 DEOPT UNPACKING pc=0x0000028e8a6c3aa2 sp=0x000000b1164fdad8 mode 2
Event: 929.130 Thread 0x0000028ee0fbcb40 DEOPT UNPACKING pc=0x0000028e8a6c3aa2 sp=0x000000b112dfdbc8 mode 2
Event: 929.143 Thread 0x0000028ee0fbcb40 Uncommon trap: trap_request=0xffffff54 fr.pc=0x0000028e8b6c3564 relative=0x00000000000017e4
Event: 929.144 Thread 0x0000028ee0fbcb40 Uncommon trap: reason=speculate_null_assert action=make_not_entrant pc=0x0000028e8b6c3564 method=org.eclipse.jdt.internal.core.index.DiskIndex.readCategoryTable([CZ)Lorg/eclipse/jdt/internal/compiler/util/HashtableOfObject; @ 55 c2
Event: 929.144 Thread 0x0000028ee0fbcb40 DEOPT PACKING pc=0x0000028e8b6c3564 sp=0x000000b112dfd930
Event: 929.144 Thread 0x0000028ee0fbf930 Uncommon trap: trap_request=0xffffff45 fr.pc=0x0000028e8b68d2bc relative=0x000000000000011c
Event: 929.144 Thread 0x0000028ee0fbf930 Uncommon trap: reason=unstable_if action=reinterpret pc=0x0000028e8b68d2bc method=org.eclipse.jdt.internal.core.index.EntryResult.<init>([CLjava/lang/Object;)V @ 10 c2
Event: 929.144 Thread 0x0000028ee0fbf930 DEOPT PACKING pc=0x0000028e8b68d2bc sp=0x000000b1164fd810
Event: 929.146 Thread 0x0000028ee0fbf930 DEOPT UNPACKING pc=0x0000028e8a6c3aa2 sp=0x000000b1164fd7b0 mode 2
Event: 929.146 Thread 0x0000028ee0fbcb40 DEOPT UNPACKING pc=0x0000028e8a6c3aa2 sp=0x000000b112dfd8f8 mode 2
Event: 1100.921 Thread 0x0000028eded609b0 Uncommon trap: trap_request=0xffffffbe fr.pc=0x0000028e8b710634 relative=0x0000000000000194
Event: 1100.922 Thread 0x0000028eded609b0 Uncommon trap: reason=profile_predicate action=maybe_recompile pc=0x0000028e8b710634 method=java.util.HashMap.keysToArray([Ljava/lang/Object;)[Ljava/lang/Object; @ 36 c2
Event: 1100.922 Thread 0x0000028eded609b0 DEOPT PACKING pc=0x0000028e8b710634 sp=0x000000b114cfee10
Event: 1100.923 Thread 0x0000028eded609b0 DEOPT UNPACKING pc=0x0000028e8a6c3aa2 sp=0x000000b114cfeda0 mode 2

Classes loaded (20 events):
Event: 391.238 Loading class java/util/concurrent/CompletableFuture$UniApply
Event: 391.239 Loading class java/util/concurrent/CompletableFuture$UniCompletion
Event: 391.239 Loading class java/util/concurrent/CompletableFuture$UniCompletion done
Event: 391.239 Loading class java/util/concurrent/CompletableFuture$UniApply done
Event: 391.316 Loading class java/util/concurrent/CompletableFuture$UniAccept
Event: 391.317 Loading class java/util/concurrent/CompletableFuture$UniAccept done
Event: 391.319 Loading class java/util/concurrent/CompletableFuture$UniExceptionally
Event: 391.320 Loading class java/util/concurrent/CompletableFuture$UniExceptionally done
Event: 798.497 Loading class java/util/stream/DistinctOps
Event: 798.531 Loading class java/util/stream/DistinctOps done
Event: 798.532 Loading class java/util/stream/DistinctOps$1
Event: 798.631 Loading class java/util/stream/DistinctOps$1 done
Event: 799.357 Loading class java/util/stream/DistinctOps$1$2
Event: 799.368 Loading class java/util/stream/DistinctOps$1$2 done
Event: 800.208 Loading class java/io/SequenceInputStream
Event: 800.215 Loading class java/io/SequenceInputStream done
Event: 869.199 Loading class java/lang/Throwable$WrappedPrintWriter
Event: 869.216 Loading class java/lang/Throwable$PrintStreamOrWriter
Event: 869.233 Loading class java/lang/Throwable$PrintStreamOrWriter done
Event: 869.234 Loading class java/lang/Throwable$WrappedPrintWriter done

Classes unloaded (20 events):
Event: 59.920 Thread 0x0000028effc5ab70 Unloading class 0x0000028e981d3000 'java/lang/invoke/LambdaForm$MH+0x0000028e981d3000'
Event: 59.920 Thread 0x0000028effc5ab70 Unloading class 0x0000028e981d2c00 'java/lang/invoke/LambdaForm$MH+0x0000028e981d2c00'
Event: 59.920 Thread 0x0000028effc5ab70 Unloading class 0x0000028e981d2800 'java/lang/invoke/LambdaForm$MH+0x0000028e981d2800'
Event: 59.920 Thread 0x0000028effc5ab70 Unloading class 0x0000028e981d2400 'java/lang/invoke/LambdaForm$MH+0x0000028e981d2400'
Event: 59.920 Thread 0x0000028effc5ab70 Unloading class 0x0000028e981d2000 'java/lang/invoke/LambdaForm$BMH+0x0000028e981d2000'
Event: 59.920 Thread 0x0000028effc5ab70 Unloading class 0x0000028e981d1c00 'java/lang/invoke/LambdaForm$DMH+0x0000028e981d1c00'
Event: 59.920 Thread 0x0000028effc5ab70 Unloading class 0x0000028e981d0800 'java/lang/invoke/LambdaForm$DMH+0x0000028e981d0800'
Event: 72.043 Thread 0x0000028effc5ab70 Unloading class 0x0000028e98298800 'java/lang/invoke/LambdaForm$MH+0x0000028e98298800'
Event: 72.043 Thread 0x0000028effc5ab70 Unloading class 0x0000028e98297c00 'java/lang/invoke/LambdaForm$MH+0x0000028e98297c00'
Event: 72.043 Thread 0x0000028effc5ab70 Unloading class 0x0000028e98297800 'java/lang/invoke/LambdaForm$MH+0x0000028e98297800'
Event: 72.043 Thread 0x0000028effc5ab70 Unloading class 0x0000028e98296c00 'java/lang/invoke/LambdaForm$MH+0x0000028e98296c00'
Event: 72.043 Thread 0x0000028effc5ab70 Unloading class 0x0000028e98296800 'java/lang/invoke/LambdaForm$DMH+0x0000028e98296800'
Event: 72.043 Thread 0x0000028effc5ab70 Unloading class 0x0000028e98296000 'java/lang/invoke/LambdaForm$MH+0x0000028e98296000'
Event: 72.043 Thread 0x0000028effc5ab70 Unloading class 0x0000028e98292000 'java/lang/invoke/LambdaForm$MH+0x0000028e98292000'
Event: 72.043 Thread 0x0000028effc5ab70 Unloading class 0x0000028e98291400 'java/lang/invoke/LambdaForm$MH+0x0000028e98291400'
Event: 72.043 Thread 0x0000028effc5ab70 Unloading class 0x0000028e98290800 'java/lang/invoke/LambdaForm$MH+0x0000028e98290800'
Event: 72.043 Thread 0x0000028effc5ab70 Unloading class 0x0000028e98290400 'java/lang/invoke/LambdaForm$MH+0x0000028e98290400'
Event: 72.043 Thread 0x0000028effc5ab70 Unloading class 0x0000028e98289c00 'java/lang/invoke/LambdaForm$MH+0x0000028e98289c00'
Event: 72.043 Thread 0x0000028effc5ab70 Unloading class 0x0000028e98289400 'java/lang/invoke/LambdaForm$MH+0x0000028e98289400'
Event: 72.043 Thread 0x0000028effc5ab70 Unloading class 0x0000028e98288c00 'java/lang/invoke/LambdaForm$DMH+0x0000028e98288c00'

Classes redefined (0 events):
No events

Internal exceptions (20 events):
Event: 870.501 Thread 0x0000028ee0fbb790 Exception <a 'sun/nio/fs/WindowsException'{0x00000000d55afcf0}> (0x00000000d55afcf0) 
thrown [s\src\hotspot\share\prims\jni.cpp, line 520]
Event: 870.506 Thread 0x0000028ee0fbb790 Exception <a 'sun/nio/fs/WindowsException'{0x00000000d55b3200}> (0x00000000d55b3200) 
thrown [s\src\hotspot\share\prims\jni.cpp, line 520]
Event: 870.515 Thread 0x0000028ee0fbb790 Exception <a 'sun/nio/fs/WindowsException'{0x00000000d55b4a58}> (0x00000000d55b4a58) 
thrown [s\src\hotspot\share\prims\jni.cpp, line 520]
Event: 870.524 Thread 0x0000028ee0fbb790 Exception <a 'sun/nio/fs/WindowsException'{0x00000000d55b64d0}> (0x00000000d55b64d0) 
thrown [s\src\hotspot\share\prims\jni.cpp, line 520]
Event: 870.538 Thread 0x0000028ee0fbec10 Exception <a 'sun/nio/fs/WindowsException'{0x00000000d55bc1c8}> (0x00000000d55bc1c8) 
thrown [s\src\hotspot\share\prims\jni.cpp, line 520]
Event: 870.579 Thread 0x0000028ee0fbb790 Exception <a 'sun/nio/fs/WindowsException'{0x00000000d55c1258}> (0x00000000d55c1258) 
thrown [s\src\hotspot\share\prims\jni.cpp, line 520]
Event: 870.810 Thread 0x0000028ee0fbf2a0 Exception <a 'sun/nio/fs/WindowsException'{0x00000000d55e7eb0}> (0x00000000d55e7eb0) 
thrown [s\src\hotspot\share\prims\jni.cpp, line 520]
Event: 873.378 Thread 0x0000028eded65870 Exception <a 'sun/nio/fs/WindowsException'{0x00000000d5649178}> (0x00000000d5649178) 
thrown [s\src\hotspot\share\prims\jni.cpp, line 520]
Event: 876.073 Thread 0x0000028ee0fb9d50 Exception <a 'sun/nio/fs/WindowsException'{0x00000000d5599b70}> (0x00000000d5599b70) 
thrown [s\src\hotspot\share\prims\jni.cpp, line 520]
Event: 876.075 Thread 0x0000028ee0fb9d50 Exception <a 'sun/nio/fs/WindowsException'{0x00000000d559a1c0}> (0x00000000d559a1c0) 
thrown [s\src\hotspot\share\prims\jni.cpp, line 520]
Event: 877.792 Thread 0x0000028ee0fb9d50 Exception <a 'sun/nio/fs/WindowsException'{0x00000000d5637be8}> (0x00000000d5637be8) 
thrown [s\src\hotspot\share\prims\jni.cpp, line 520]
Event: 877.792 Thread 0x0000028ee0fb9d50 Exception <a 'sun/nio/fs/WindowsException'{0x00000000d56384c8}> (0x00000000d56384c8) 
thrown [s\src\hotspot\share\prims\jni.cpp, line 520]
Event: 879.326 Thread 0x0000028eded65870 Implicit null exception at 0x0000028e8b3f2219 to 0x0000028e8b3f2c18
Event: 879.332 Thread 0x0000028ee0fb9d50 Exception <a 'sun/nio/fs/WindowsException'{0x00000000d56d2508}> (0x00000000d56d2508) 
thrown [s\src\hotspot\share\prims\jni.cpp, line 520]
Event: 879.333 Thread 0x0000028ee0fb9d50 Exception <a 'sun/nio/fs/WindowsException'{0x00000000d56d2b38}> (0x00000000d56d2b38) 
thrown [s\src\hotspot\share\prims\jni.cpp, line 520]
Event: 879.381 Thread 0x0000028ee0fb9d50 Exception <a 'sun/nio/fs/WindowsException'{0x00000000d5737bd0}> (0x00000000d5737bd0) 
thrown [s\src\hotspot\share\prims\jni.cpp, line 520]
Event: 879.381 Thread 0x0000028ee0fb9d50 Exception <a 'sun/nio/fs/WindowsException'{0x00000000d57384b0}> (0x00000000d57384b0) 
thrown [s\src\hotspot\share\prims\jni.cpp, line 520]
Event: 888.971 Thread 0x0000028eded61040 Exception <a 'sun/nio/fs/WindowsException'{0x00000000d5679818}> (0x00000000d5679818) 
thrown [s\src\hotspot\share\prims\jni.cpp, line 520]
Event: 1101.284 Thread 0x0000028eded609b0 Exception <a 'sun/nio/fs/WindowsException'{0x00000000d570a698}> (0x00000000d570a698) 
thrown [s\src\hotspot\share\prims\jni.cpp, line 520]
Event: 1101.291 Thread 0x0000028eded609b0 Exception <a 'sun/nio/fs/WindowsException'{0x00000000d570b1e0}> (0x00000000d570b1e0) 
thrown [s\src\hotspot\share\prims\jni.cpp, line 520]

ZGC Phase Switch (0 events):
No events

VM Operations (20 events):
Event: 1383.142 Executing non-safepoint VM operation: HandshakeAllThreads (HandshakeForDeflation)
Event: 1383.143 Executing non-safepoint VM operation: HandshakeAllThreads (HandshakeForDeflation) done
Event: 1383.143 Executing non-safepoint VM operation: RendezvousGCThreads
Event: 1383.143 Executing non-safepoint VM operation: RendezvousGCThreads done
Event: 1443.269 Executing non-safepoint VM operation: HandshakeAllThreads (HandshakeForDeflation)
Event: 1443.269 Executing non-safepoint VM operation: HandshakeAllThreads (HandshakeForDeflation) done
Event: 1443.269 Executing non-safepoint VM operation: RendezvousGCThreads
Event: 1443.269 Executing non-safepoint VM operation: RendezvousGCThreads done
Event: 1503.519 Executing non-safepoint VM operation: HandshakeAllThreads (HandshakeForDeflation)
Event: 1503.525 Executing non-safepoint VM operation: HandshakeAllThreads (HandshakeForDeflation) done
Event: 1503.526 Executing non-safepoint VM operation: RendezvousGCThreads
Event: 1503.526 Executing non-safepoint VM operation: RendezvousGCThreads done
Event: 1563.565 Executing non-safepoint VM operation: HandshakeAllThreads (HandshakeForDeflation)
Event: 1563.569 Executing non-safepoint VM operation: HandshakeAllThreads (HandshakeForDeflation) done
Event: 1563.570 Executing non-safepoint VM operation: RendezvousGCThreads
Event: 1563.570 Executing non-safepoint VM operation: RendezvousGCThreads done
Event: 1623.675 Executing non-safepoint VM operation: HandshakeAllThreads (HandshakeForDeflation)
Event: 1623.681 Executing non-safepoint VM operation: HandshakeAllThreads (HandshakeForDeflation) done
Event: 1623.681 Executing non-safepoint VM operation: RendezvousGCThreads
Event: 1623.681 Executing non-safepoint VM operation: RendezvousGCThreads done

Memory protections (0 events):
No events

Nmethod flushes (20 events):
Event: 362.298 Thread 0x0000028effc5ab70 flushing  nmethod 0x0000028e83aa8590
Event: 362.298 Thread 0x0000028effc5ab70 flushing  nmethod 0x0000028e83aaa190
Event: 362.299 Thread 0x0000028effc5ab70 flushing  nmethod 0x0000028e83ae7390
Event: 362.299 Thread 0x0000028effc5ab70 flushing  nmethod 0x0000028e83ae7c10
Event: 362.299 Thread 0x0000028effc5ab70 flushing  nmethod 0x0000028e83af5510
Event: 362.299 Thread 0x0000028effc5ab70 flushing  nmethod 0x0000028e83af6710
Event: 362.299 Thread 0x0000028effc5ab70 flushing  nmethod 0x0000028e83af6c10
Event: 362.299 Thread 0x0000028effc5ab70 flushing  nmethod 0x0000028e83b2ef90
Event: 362.299 Thread 0x0000028effc5ab70 flushing  nmethod 0x0000028e83b91c90
Event: 362.299 Thread 0x0000028effc5ab70 flushing  nmethod 0x0000028e83b92110
Event: 362.299 Thread 0x0000028effc5ab70 flushing  nmethod 0x0000028e83b98610
Event: 362.299 Thread 0x0000028effc5ab70 flushing  nmethod 0x0000028e83b98a90
Event: 362.299 Thread 0x0000028effc5ab70 flushing  nmethod 0x0000028e83b9a010
Event: 362.299 Thread 0x0000028effc5ab70 flushing  nmethod 0x0000028e83b9aa10
Event: 362.299 Thread 0x0000028effc5ab70 flushing  nmethod 0x0000028e83b9da90
Event: 362.299 Thread 0x0000028effc5ab70 flushing  nmethod 0x0000028e83bb1510
Event: 362.299 Thread 0x0000028effc5ab70 flushing  nmethod 0x0000028e83be2790
Event: 362.299 Thread 0x0000028effc5ab70 flushing  nmethod 0x0000028e83be3090
Event: 362.299 Thread 0x0000028effc5ab70 flushing  nmethod 0x0000028e83be5710
Event: 362.299 Thread 0x0000028effc5ab70 flushing  nmethod 0x0000028e83c04610

Events (20 events):
Event: 929.119 Thread 0x0000028ee0fbf930 Thread added: 0x0000028ee0fbffc0
Event: 929.120 Thread 0x0000028ee0fbcb40 Thread added: 0x0000028ee0fc0650
Event: 930.699 Thread 0x0000028ee0fbe580 Thread exited: 0x0000028ee0fbe580
Event: 942.077 Thread 0x0000028ee0fb9d50 Thread exited: 0x0000028ee0fb9d50
Event: 990.652 Thread 0x0000028ee0fbf930 Thread exited: 0x0000028ee0fbf930
Event: 990.710 Thread 0x0000028ee0fbdef0 Thread exited: 0x0000028ee0fbdef0
Event: 1050.658 Thread 0x0000028ee0fbcb40 Thread exited: 0x0000028ee0fbcb40
Event: 1050.720 Thread 0x0000028ee0fbb790 Thread exited: 0x0000028ee0fbb790
Event: 1101.208 Thread 0x0000028eded609b0 Thread added: 0x0000028ee0fb9d50
Event: 1101.233 Thread 0x0000028ee0fb9d50 Thread exited: 0x0000028ee0fb9d50
Event: 1101.323 Thread 0x0000028eded609b0 Thread added: 0x0000028ee0fbb790
Event: 1101.325 Thread 0x0000028ee0fbb790 Thread exited: 0x0000028ee0fbb790
Event: 1110.661 Thread 0x0000028ee0fbffc0 Thread exited: 0x0000028ee0fbffc0
Event: 1110.735 Thread 0x0000028ee0fbb100 Thread exited: 0x0000028ee0fbb100
Event: 1170.678 Thread 0x0000028ee0fc0650 Thread exited: 0x0000028ee0fc0650
Event: 1170.742 Thread 0x0000028ee0fbec10 Thread exited: 0x0000028ee0fbec10
Event: 1170.840 Thread 0x0000028ee0fbf2a0 Thread exited: 0x0000028ee0fbf2a0
Event: 1230.765 Thread 0x0000028ee0fbaa70 Thread exited: 0x0000028ee0fbaa70
Event: 1290.755 Thread 0x0000028ee0fc1370 Thread exited: 0x0000028ee0fc1370
Event: 1350.768 Thread 0x0000028ee0fba3e0 Thread exited: 0x0000028ee0fba3e0


Dynamic libraries:
0x00007ff7074e0000 - 0x00007ff7074ee000 	c:\Users\Acer\.vscode\extensions\redhat.java-1.53.2026021110-win32-x64\jre\21.0.10-win32-x86_64\bin\java.exe
0x00007ffb36040000 - 0x00007ffb362a7000 	C:\WINDOWS\SYSTEM32\ntdll.dll
0x00007ffb34430000 - 0x00007ffb344f9000 	C:\WINDOWS\System32\KERNEL32.DLL
0x00007ffb339e0000 - 0x00007ffb33dd1000 	C:\WINDOWS\System32\KERNELBASE.dll
0x00007ffb2fc70000 - 0x00007ffb2fd0f000 	C:\WINDOWS\SYSTEM32\apphelp.dll
0x00007ffb32a50000 - 0x00007ffb32b9b000 	C:\WINDOWS\System32\ucrtbase.dll
0x00007ffabaa20000 - 0x00007ffabaa38000 	c:\Users\Acer\.vscode\extensions\redhat.java-1.53.2026021110-win32-x64\jre\21.0.10-win32-x86_64\bin\jli.dll
0x00007ffb33ea0000 - 0x00007ffb34065000 	C:\WINDOWS\System32\USER32.dll
0x00007ffb33850000 - 0x00007ffb33877000 	C:\WINDOWS\System32\win32u.dll
0x00007ffb35570000 - 0x00007ffb3559b000 	C:\WINDOWS\System32\GDI32.dll
0x00007ffb32920000 - 0x00007ffb32a4a000 	C:\WINDOWS\System32\gdi32full.dll
0x00007ffb33880000 - 0x00007ffb33923000 	C:\WINDOWS\System32\msvcp_win.dll
0x00007ffac6cc0000 - 0x00007ffac6cde000 	c:\Users\Acer\.vscode\extensions\redhat.java-1.53.2026021110-win32-x64\jre\21.0.10-win32-x86_64\bin\VCRUNTIME140.dll
0x00007ffb20c00000 - 0x00007ffb20e93000 	C:\WINDOWS\WinSxS\amd64_microsoft.windows.common-controls_6595b64144ccf1df_6.0.26100.7922_none_3e089e1ee3342171\COMCTL32.dll
0x00007ffb355a0000 - 0x00007ffb35649000 	C:\WINDOWS\System32\msvcrt.dll
0x00007ffb34da0000 - 0x00007ffb34dd1000 	C:\WINDOWS\System32\IMM32.DLL
0x00007ffafea20000 - 0x00007ffafea2c000 	c:\Users\Acer\.vscode\extensions\redhat.java-1.53.2026021110-win32-x64\jre\21.0.10-win32-x86_64\bin\vcruntime140_1.dll
0x00007ffa62380000 - 0x00007ffa6240d000 	c:\Users\Acer\.vscode\extensions\redhat.java-1.53.2026021110-win32-x64\jre\21.0.10-win32-x86_64\bin\msvcp140.dll
0x00007ffa55050000 - 0x00007ffa55df1000 	c:\Users\Acer\.vscode\extensions\redhat.java-1.53.2026021110-win32-x64\jre\21.0.10-win32-x86_64\bin\server\jvm.dll
0x00007ffb33de0000 - 0x00007ffb33e9b000 	C:\WINDOWS\System32\ADVAPI32.dll
0x00007ffb35650000 - 0x00007ffb356f7000 	C:\WINDOWS\System32\sechost.dll
0x00007ffb34c70000 - 0x00007ffb34d88000 	C:\WINDOWS\System32\RPCRT4.dll
0x00007ffb352b0000 - 0x00007ffb35324000 	C:\WINDOWS\System32\WS2_32.dll
0x00007ffb32780000 - 0x00007ffb327de000 	C:\WINDOWS\SYSTEM32\POWRPROF.dll
0x00007ffb2b670000 - 0x00007ffb2b6a5000 	C:\WINDOWS\SYSTEM32\WINMM.dll
0x00007ffb2b6b0000 - 0x00007ffb2b6bb000 	C:\WINDOWS\SYSTEM32\VERSION.dll
0x00007ffb32760000 - 0x00007ffb32774000 	C:\WINDOWS\SYSTEM32\UMPDC.dll
0x00007ffb316b0000 - 0x00007ffb316cb000 	C:\WINDOWS\SYSTEM32\kernel.appcore.dll
0x00007ffafd410000 - 0x00007ffafd41a000 	c:\Users\Acer\.vscode\extensions\redhat.java-1.53.2026021110-win32-x64\jre\21.0.10-win32-x86_64\bin\jimage.dll
0x00007ffb308d0000 - 0x00007ffb30b12000 	C:\WINDOWS\SYSTEM32\DBGHELP.DLL
0x00007ffb35be0000 - 0x00007ffb35f62000 	C:\WINDOWS\System32\combase.dll
0x00007ffb35490000 - 0x00007ffb35567000 	C:\WINDOWS\System32\OLEAUT32.dll
0x00007ffb1ede0000 - 0x00007ffb1ee1b000 	C:\WINDOWS\SYSTEM32\dbgcore.DLL
0x00007ffb33930000 - 0x00007ffb339d5000 	C:\WINDOWS\System32\bcryptPrimitives.dll
0x00007ffaf9ec0000 - 0x00007ffaf9ecf000 	c:\Users\Acer\.vscode\extensions\redhat.java-1.53.2026021110-win32-x64\jre\21.0.10-win32-x86_64\bin\instrument.dll
0x00007ffaaa1c0000 - 0x00007ffaaa1e0000 	c:\Users\Acer\.vscode\extensions\redhat.java-1.53.2026021110-win32-x64\jre\21.0.10-win32-x86_64\bin\java.dll
0x00007ffaba880000 - 0x00007ffaba898000 	c:\Users\Acer\.vscode\extensions\redhat.java-1.53.2026021110-win32-x64\jre\21.0.10-win32-x86_64\bin\zip.dll
0x00007ffb34500000 - 0x00007ffb34c5f000 	C:\WINDOWS\System32\SHELL32.dll
0x00007ffb334a0000 - 0x00007ffb3360a000 	C:\WINDOWS\System32\wintypes.dll
0x00007ffb32c30000 - 0x00007ffb33494000 	C:\WINDOWS\System32\windows.storage.dll
0x00007ffb34070000 - 0x00007ffb34167000 	C:\WINDOWS\System32\SHCORE.dll
0x00007ffb351c0000 - 0x00007ffb35227000 	C:\WINDOWS\System32\shlwapi.dll
0x00007ffb32840000 - 0x00007ffb32869000 	C:\WINDOWS\SYSTEM32\profapi.dll
0x00007ffafc390000 - 0x00007ffafc3a0000 	C:\Users\Acer\.vscode\extensions\redhat.java-1.53.2026021110-win32-x64\jre\21.0.10-win32-x86_64\bin\net.dll
0x00007ffb28890000 - 0x00007ffb289b7000 	C:\WINDOWS\SYSTEM32\WINHTTP.dll
0x00007ffb31c20000 - 0x00007ffb31c8b000 	C:\WINDOWS\system32\mswsock.dll
0x00007ffaa1540000 - 0x00007ffaa1556000 	C:\Users\Acer\.vscode\extensions\redhat.java-1.53.2026021110-win32-x64\jre\21.0.10-win32-x86_64\bin\nio.dll
0x00007ffae5810000 - 0x00007ffae5820000 	c:\Users\Acer\.vscode\extensions\redhat.java-1.53.2026021110-win32-x64\jre\21.0.10-win32-x86_64\bin\verify.dll
0x00007ffa95950000 - 0x00007ffa95995000 	C:\Users\Acer\AppData\Roaming\Code\User\globalStorage\redhat.java\1.53.2026021110\config_win\org.eclipse.equinox.launcher\org.eclipse.equinox.launcher.win32.win32.x86_64_1.3.0.v20260203-2149\eclipse_11919.dll
0x00007ffb34de0000 - 0x00007ffb34f75000 	C:\WINDOWS\System32\ole32.dll
0x00007ffae39c0000 - 0x00007ffae39ca000 	C:\Users\Acer\.vscode\extensions\redhat.java-1.53.2026021110-win32-x64\jre\21.0.10-win32-x86_64\bin\management.dll
0x00007ffae37d0000 - 0x00007ffae37dc000 	C:\Users\Acer\.vscode\extensions\redhat.java-1.53.2026021110-win32-x64\jre\21.0.10-win32-x86_64\bin\management_ext.dll
0x00007ffb34410000 - 0x00007ffb34418000 	C:\WINDOWS\System32\PSAPI.DLL
0x00007ffb31f00000 - 0x00007ffb31f1b000 	C:\WINDOWS\SYSTEM32\CRYPTSP.dll
0x00007ffb31610000 - 0x00007ffb31649000 	C:\WINDOWS\system32\rsaenh.dll
0x00007ffb31cd0000 - 0x00007ffb31d02000 	C:\WINDOWS\SYSTEM32\USERENV.dll
0x00007ffb32810000 - 0x00007ffb3283a000 	C:\WINDOWS\SYSTEM32\bcrypt.dll
0x00007ffb31f20000 - 0x00007ffb31f2c000 	C:\WINDOWS\SYSTEM32\CRYPTBASE.dll
0x00007ffb31070000 - 0x00007ffb310a3000 	C:\WINDOWS\SYSTEM32\IPHLPAPI.DLL
0x00007ffb34d90000 - 0x00007ffb34d9a000 	C:\WINDOWS\System32\NSI.dll
0x00007ffa959f0000 - 0x00007ffa95a39000 	C:\Users\Acer\AppData\Local\Temp\jna-2034799\jna10933756516531648981.dll
0x00007ffb28830000 - 0x00007ffb2884d000 	C:\WINDOWS\SYSTEM32\dhcpcsvc6.DLL
0x00007ffb28730000 - 0x00007ffb28753000 	C:\WINDOWS\SYSTEM32\dhcpcsvc.DLL
0x00007ffae0290000 - 0x00007ffae029e000 	C:\Users\Acer\.vscode\extensions\redhat.java-1.53.2026021110-win32-x64\jre\21.0.10-win32-x86_64\bin\sunmscapi.dll
0x00007ffb33610000 - 0x00007ffb33787000 	C:\WINDOWS\System32\CRYPT32.dll
0x00007ffb32120000 - 0x00007ffb32150000 	C:\WINDOWS\SYSTEM32\ncrypt.dll
0x00007ffb320d0000 - 0x00007ffb3210f000 	C:\WINDOWS\SYSTEM32\NTASN1.dll
0x00007ffb31160000 - 0x00007ffb3128a000 	C:\WINDOWS\SYSTEM32\DNSAPI.dll
0x00007ffb26060000 - 0x00007ffb2606b000 	C:\Windows\System32\rasadhlp.dll
0x00007ffb26c80000 - 0x00007ffb26d06000 	C:\WINDOWS\System32\fwpuclnt.dll
0x00007ffadffc0000 - 0x00007ffadffc9000 	C:\Users\Acer\.vscode\extensions\redhat.java-1.53.2026021110-win32-x64\jre\21.0.10-win32-x86_64\bin\extnet.dll

JVMTI agents:
c:\Users\Acer\.vscode\extensions\redhat.java-1.53.2026021110-win32-x64\lombok\lombok-1.18.39-4050.jar path:c:\Users\Acer\.vscode\extensions\redhat.java-1.53.2026021110-win32-x64\jre\21.0.10-win32-x86_64\bin\instrument.dll, loaded, initialized, instrumentlib options:none

dbghelp: loaded successfully - version: 4.0.5 - missing functions: none
symbol engine: initialized successfully - sym options: 0x614 - pdb path: .;c:\Users\Acer\.vscode\extensions\redhat.java-1.53.2026021110-win32-x64\jre\21.0.10-win32-x86_64\bin;C:\WINDOWS\SYSTEM32;C:\WINDOWS\WinSxS\amd64_microsoft.windows.common-controls_6595b64144ccf1df_6.0.26100.7922_none_3e089e1ee3342171;c:\Users\Acer\.vscode\extensions\redhat.java-1.53.2026021110-win32-x64\jre\21.0.10-win32-x86_64\bin\server;C:\Users\Acer\AppData\Roaming\Code\User\globalStorage\redhat.java\1.53.2026021110\config_win\org.eclipse.equinox.launcher\org.eclipse.equinox.launcher.win32.win32.x86_64_1.3.0.v20260203-2149;C:\Users\Acer\AppData\Local\Temp\jna-2034799

VM Arguments:
jvm_args: --add-modules=ALL-SYSTEM --add-opens=java.base/java.util=ALL-UNNAMED --add-opens=java.base/java.lang=ALL-UNNAMED --add-opens=java.base/sun.nio.fs=ALL-UNNAMED -Declipse.application=org.eclipse.jdt.ls.core.id1 -Dosgi.bundles.defaultStartLevel=4 -Declipse.product=org.eclipse.jdt.ls.core.product -Djava.import.generatesMetadataFilesAtProjectRoot=false -DDetectVMInstallationsJob.disabled=true -Dfile.encoding=utf8 -XX:+UseParallelGC -XX:GCTimeRatio=4 -XX:AdaptiveSizePolicyWeight=90 -Dsun.zip.disableMemoryMapping=true -Xmx2G -Xms100m -Xlog:disable -javaagent:c:\Users\Acer\.vscode\extensions\redhat.java-1.53.2026021110-win32-x64\lombok\lombok-1.18.39-4050.jar -XX:+HeapDumpOnOutOfMemoryError -XX:HeapDumpPath=c:\Users\Acer\AppData\Roaming\Code\User\workspaceStorage\0bf020eedcb41eda256bca17bd9ad735\redhat.java -Daether.dependencyCollector.impl=bf -XX:+UnlockDiagnosticVMOptions -XX:+AllowArchivingWithJavaAgent -XX:+AutoCreateSharedArchive -XX:SharedArchiveFile=c:\Users\Acer\AppData\Roaming\Code\User\globalStorage\redhat.java\1.53.2026021110\jdtls.jsa 
java_command: c:\Users\Acer\.vscode\extensions\redhat.java-1.53.2026021110-win32-x64\server\plugins\org.eclipse.equinox.launcher_1.7.100.v20251111-0406.jar -configuration c:\Users\Acer\AppData\Roaming\Code\User\globalStorage\redhat.java\1.53.2026021110\config_win -data c:\Users\Acer\AppData\Roaming\Code\User\workspaceStorage\0bf020eedcb41eda256bca17bd9ad735\redhat.java\jdt_ws --pipe=\\.\pipe\lsp-83d278f29a8821b3068a8fd7cf62b717-sock
java_class_path (initial): c:\Users\Acer\.vscode\extensions\redhat.java-1.53.2026021110-win32-x64\server\plugins\org.eclipse.equinox.launcher_1.7.100.v20251111-0406.jar
Launcher Type: SUN_STANDARD

[Global flags]
    uintx AdaptiveSizePolicyWeight                 = 90                                        {product} {command line}
     bool AllowArchivingWithJavaAgent              = true                             {JVMCI diagnostic} {command line}
     bool AutoCreateSharedArchive                  = true                                {JVMCI product} {command line}
     intx CICompilerCount                          = 4                                         {product} {ergonomic}
    uintx GCTimeRatio                              = 4                                         {product} {command line}
     bool HeapDumpOnOutOfMemoryError               = true                                   {manageable} {command line}
    ccstr HeapDumpPath                             = c:\Users\Acer\AppData\Roaming\Code\User\workspaceStorage\0bf020eedcb41eda256bca17bd9ad735\redhat.java         {manageable} {command line}
   size_t InitialHeapSize                          = 104857600                                 {product} {command line}
   size_t MaxHeapSize                              = 2147483648                                {product} {command line}
   size_t MaxNewSize                               = 715653120                                 {product} {ergonomic}
   size_t MinHeapDeltaBytes                        = 524288                                    {product} {ergonomic}
   size_t MinHeapSize                              = 104857600                                 {product} {command line}
   size_t NewSize                                  = 34603008                                  {product} {ergonomic}
    uintx NonNMethodCodeHeapSize                   = 5839372                                {pd product} {ergonomic}
    uintx NonProfiledCodeHeapSize                  = 122909434                              {pd product} {ergonomic}
   size_t OldSize                                  = 70254592                                  {product} {ergonomic}
    uintx ProfiledCodeHeapSize                     = 122909434                              {pd product} {ergonomic}
    uintx ReservedCodeCacheSize                    = 251658240                              {pd product} {ergonomic}
     bool SegmentedCodeCache                       = true                                      {product} {ergonomic}
    ccstr SharedArchiveFile                        =                                     {JVMCI product} {command line}
   size_t SoftMaxHeapSize                          = 2147483648                             {manageable} {ergonomic}
     bool UnlockDiagnosticVMOptions                = true                                   {diagnostic} {command line}
     bool UseCompressedOops                        = true                           {product lp64_product} {ergonomic}
     bool UseLargePagesIndividualAllocation        = false                                  {pd product} {ergonomic}
     bool UseParallelGC                            = true                                      {product} {command line}

Logging:
Log output configuration:
 #0: stdout all=off uptime,level,tags foldmultilines=false
 #1: stderr all=off uptime,level,tags foldmultilines=false

Release file:
JAVA_VERSION="21.0.10" 
MODULES="java.base java.compiler java.datatransfer java.xml java.prefs java.desktop java.instrument java.logging java.management java.security.sasl java.naming java.rmi java.management.rmi java.net.http java.scripting java.security.jgss java.transaction.xa java.sql java.sql.rowset java.xml.crypto java.se java.smartcardio jdk.accessibility jdk.internal.jvmstat jdk.attach jdk.charsets jdk.internal.opt jdk.zipfs jdk.compiler jdk.crypto.ec jdk.crypto.cryptoki jdk.crypto.mscapi jdk.dynalink jdk.internal.ed jdk.editpad jdk.hotspot.agent jdk.httpserver jdk.internal.le jdk.internal.vm.ci jdk.internal.vm.compiler jdk.internal.vm.compiler.management jdk.jartool jdk.javadoc jdk.jcmd jdk.management jdk.management.agent jdk.jconsole jdk.jdeps jdk.jdwp.agent jdk.jdi jdk.jfr jdk.jshell jdk.jsobject jdk.jstatd jdk.localedata jdk.management.jfr jdk.naming.dns jdk.naming.rmi jdk.net jdk.nio.mapmode jdk.random jdk.sctp jdk.security.auth jdk.security.jgss jdk.unsupported jdk.unsupported.desktop jdk.xml.dom" 

Environment Variables:
JAVA_HOME=C:\Program Files\Java\jdk-21
PATH=C:\Program Files\Common Files\Oracle\Java\javapath;C:\WINDOWS\system32;C:\WINDOWS;C:\WINDOWS\System32\Wbem;C:\WINDOWS\System32\WindowsPowerShell\v1.0\;C:\WINDOWS\System32\OpenSSH\;C:\ProgramData\chocolatey\bin;C:\ProgramData\ComposerSetup\bin;C:\Users\Acer\Downloads\stripe_1.19.2_windows_x86_64\stripe.exe;C:\wamp64\bin\php;C:\wamp64\bin\apache\apache2.4.59\bin\php.ini;C:\Program Files\Docker\Docker\resources\bin;%JAVA_HOME\bin%;C:\Program Files\Git\cmd;C:\Program Files\nodejs\;C:\Program Files (x86)\Microsoft SQL Server\170\Tools\Binn\;C:\Program Files\Microsoft SQL Server\170\Tools\Binn\;C:\Program Files\Microsoft SQL Server\Client SDK\ODBC\180\Tools\Binn\;C:\Program Files\Microsoft SQL Server\170\DTS\Binn\;C:\WINDOWS\system32;C:\WINDOWS;C:\WINDOWS\System32\Wbem;C:\WINDOWS\System32\WindowsPowerShell\v1.0\;C:\WINDOWS\System32\OpenSSH\;C:\Program Files\Git\cmd;C:\ProgramData\chocolatey\bin;C:\Program Files\nodejs\;C:\ProgramData\ComposerSetup\bin;C:\Program Files\Docker\Docker\resources\bin;C:\Users\Acer\scoop\shims;C:\ProgramData\Microsoft\Windows\Start Menu\Programs\Node.js\Node.js.lnk;C:\Users\Acer\AppData\Local\Microsoft\WindowsApps;C:\Users\Acer\AppData\Local\Programs\Microsoft VS Code\bin;C:\Users\Acer\AppData\Local\GitHubDesktop\bin;C:\Users\Acer\AppData\Roaming\Composer\vendor\bin;C:\Users\Acer\Downloads\stripe_1.19.2_windows_x86_64\stripe.exe;C:\wamp64\bin\apache\apache2.4.59\bin\php.ini;C:\wamp64\bin\php;C:\wamp64\bin\php\php8.3.6;C:\Users\Acer\AppData\Local\Microsoft\WindowsApps;C:\Program Files\sf\bin;C:\Users\Acer\AppData\Roaming\npm;C:\Users\Acer\AppData\Local\JetBrains\Toolbox\scripts;
USERNAME=Acer
OS=Windows_NT
PROCESSOR_IDENTIFIER=AMD64 Family 23 Model 24 Stepping 1, AuthenticAMD
TMP=C:\Users\Acer\AppData\Local\Temp
TEMP=C:\Users\Acer\AppData\Local\Temp




Periodic native trim disabled

---------------  S Y S T E M  ---------------

OS:
 Windows 11 , 64 bit Build 26100 (10.0.26100.7920)
OS uptime: 13 days 1:27 hours
Hyper-V role detected

CPU: total 8 (initial active 8) (8 cores per cpu, 2 threads per core) family 23 model 24 stepping 1 microcode 0x8108109, cx8, cmov, fxsr, ht, mmx, 3dnowpref, sse, sse2, sse3, ssse3, sse4a, sse4.1, sse4.2, popcnt, lzcnt, tsc, tscinvbit, avx, avx2, aes, clmul, bmi1, bmi2, adx, sha, fma, vzeroupper, clflush, clflushopt, hv, rdtscp, f16c
Processor Information for the first 8 processors :
  Max Mhz: 2100, Current Mhz: 2100, Mhz Limit: 2100

Memory: 4k page, system-wide physical 6081M (580M free)
TotalPageFile size 24513M (AvailPageFile size 4M)
current process WorkingSet (physical memory assigned to process): 8M, peak: 495M
current process commit charge ("private bytes"): 1153M, peak: 1155M

vm_info: OpenJDK 64-Bit Server VM (21.0.10+7-LTS) for windows-amd64 JRE (21.0.10+7-LTS), built on 2026-01-20T00:00:00Z by "admin" with MS VC++ 17.12 (VS2022)

END.
